VSCodium (1.77.3, undefined, desktop)
Jupyter Extension Version: 2023.3.100.
Python Extension Version: 2023.6.1.
Workspace folder /home/alexandre/Programming
info 09:35:39.996: LSP Notebooks experiment is enabled
warn 09:35:40.159: Failed to get activated env vars with python /bin/python in 101ms
info 09:35:40.167: Process Execution: > /bin/python -c "import site;print("USER_BASE_VALUE");print(site.USER_BASE);print("USER_BASE_VALUE");"
> /bin/python -c "import site;print("USER_BASE_VALUE");print(site.USER_BASE);print("USER_BASE_VALUE");"
info 09:35:40.187: Process Execution: > /bin/python -m pip list
> /bin/python -m pip list
info 09:35:40.233: Process Execution: > /bin/python -c "import pip;print('6af208d0-cb9c-427f-b937-ff563e17efdf')"
> /bin/python -c "import pip;print('6af208d0-cb9c-427f-b937-ff563e17efdf')"
error 09:35:40.256: interpreterPackages getPackageInformation, Class name = Kd, completed in 198ms, has a falsy return value, Arg 1: {"interpreter":{"id":"/bin/python","sysPrefix":"/usr","displayPath":{"$mid":1,"fsPath":"/bin/python","path":"/bin/python","scheme":"file"},"envName":"","uri":{"$mid":1,"fsPath":"/bin/python","external":"file:///bin/python","path":"/bin/python","scheme":"file"},"displayName":"","envType":"Unknown","version":{"major":3,"minor":11,"patch":3,"raw":"3.11.3 (main, Apr  5 2023, 15:52:25) [GCC 12.2.1 20230201]"}}} [su [Error]: Module 'pip' not installed.
	at au.execModule (/home/alexandre/.vscode-oss/extensions/ms-toolsai.jupyter-2023.3.100-universal/out/extension.node.js:7:27390)
	at async Kd.getPackageInformation (/home/alexandre/.vscode-oss/extensions/ms-toolsai.jupyter-2023.3.100-universal/out/extension.node.js:7:18779)] {
  category: 'notinstalled',
  moduleName: 'pip'
}
info 09:38:53.358: Shutting down notebooks for 55df2d23-cbaa-4793-8a55-6f95cc183dd0
info 09:38:53.358: Disposing HostJupyterExecution db3a28b0-18e6-4f38-830f-5f6c2ee7ca35
info 09:38:53.358: Disposing HostJupyterExecution db3a28b0-18e6-4f38-830f-5f6c2ee7ca35
