VSCodium (1.77.3, undefined, desktop)
Jupyter Extension Version: 2023.3.100.
Python Extension Version: 2023.6.1.
Workspace folder /home/alexandre/Programming
info 10:06:53.513: LSP Notebooks experiment is enabled
warn 10:06:53.699: Failed to get activated env vars with python /bin/python in 80ms
info 10:06:53.705: Process Execution: > /bin/python -c "import site;print("USER_BASE_VALUE");print(site.USER_BASE);print("USER_BASE_VALUE");"
> /bin/python -c "import site;print("USER_BASE_VALUE");print(site.USER_BASE);print("USER_BASE_VALUE");"
info 10:06:53.724: Process Execution: > /bin/python -m pip list
> /bin/python -m pip list
info 10:06:53.769: Process Execution: > /bin/python -c "import pip;print('6af208d0-cb9c-427f-b937-ff563e17efdf')"
> /bin/python -c "import pip;print('6af208d0-cb9c-427f-b937-ff563e17efdf')"
error 10:06:53.795: interpreterPackages getPackageInformation, Class name = Kd, completed in 176ms, has a falsy return value, Arg 1: {"interpreter":{"id":"/bin/python","sysPrefix":"/usr","displayPath":{"$mid":1,"fsPath":"/bin/python","path":"/bin/python","scheme":"file"},"envName":"","uri":{"$mid":1,"fsPath":"/bin/python","external":"file:///bin/python","path":"/bin/python","scheme":"file"},"displayName":"","envType":"Unknown","version":{"major":3,"minor":11,"patch":3,"raw":"3.11.3 (main, Apr  5 2023, 15:52:25) [GCC 12.2.1 20230201]"}}} [su [Error]: Module 'pip' not installed.
	at au.execModule (/home/alexandre/.vscode-oss/extensions/ms-toolsai.jupyter-2023.3.100-universal/out/extension.node.js:7:27390)
	at async Kd.getPackageInformation (/home/alexandre/.vscode-oss/extensions/ms-toolsai.jupyter-2023.3.100-universal/out/extension.node.js:7:18779)] {
  category: 'notinstalled',
  moduleName: 'pip'
}
info 10:07:14.962: Shutting down notebooks for 96c85dc6-417f-463e-baaa-380881979d0c
info 10:07:14.962: Disposing HostJupyterExecution 859c847e-3458-41fa-b86f-cadd5687e803
info 10:07:14.962: Disposing HostJupyterExecution 859c847e-3458-41fa-b86f-cadd5687e803
