2023-05-06 13:42:08.302 [info] Extension host with pid 164415 started
2023-05-06 13:42:08.302 [info] Skipping acquiring lock for /home/alexandre/.config/VSCodium/User/workspaceStorage/827a757ddbd51a2fc37ca0ca363f0ac4.
2023-05-06 13:42:08.481 [info] ExtensionService#_doActivateExtension vscode.emmet, startup: false, activationEvent: 'onLanguage'
2023-05-06 13:42:08.481 [info] ExtensionService#_doActivateExtension ms-python.python, startup: false, activationEvent: 'onLanguage:python'
2023-05-06 13:42:08.481 [info] ExtensionService#_doActivateExtension ms-toolsai.jupyter, startup: false, activationEvent: 'onLanguage:python'
2023-05-06 13:42:08.996 [info] ExtensionService#_doActivateExtension ms-toolsai.jupyter-renderers, startup: false, activationEvent: 'api', root cause: ms-toolsai.jupyter
2023-05-06 13:42:09.054 [info] ExtensionService#_doActivateExtension vscode.git-base, startup: true, activationEvent: '*', root cause: vscode.git
2023-05-06 13:42:09.054 [info] ExtensionService#_doActivateExtension Catppuccin.catppuccin-vsc, startup: true, activationEvent: '*'
2023-05-06 13:42:09.071 [info] ExtensionService#_doActivateExtension vscode.git, startup: true, activationEvent: '*'
2023-05-06 13:42:09.072 [info] ExtensionService#_doActivateExtension vscode.github, startup: true, activationEvent: '*'
2023-05-06 13:42:09.126 [info] Eager extensions activated
2023-05-06 13:42:09.150 [info] ExtensionService#_doActivateExtension vscode.debug-auto-launch, startup: false, activationEvent: 'onStartupFinished'
2023-05-06 13:42:09.150 [info] ExtensionService#_doActivateExtension vscode.merge-conflict, startup: false, activationEvent: 'onStartupFinished'
2023-05-06 13:42:10.195 [error] Error: Module 'pip' not installed.
	at au.execModule (/home/alexandre/.vscode-oss/extensions/ms-toolsai.jupyter-2023.3.100-universal/out/extension.node.js:7:27390)
	at async Kd.getPackageInformation (/home/alexandre/.vscode-oss/extensions/ms-toolsai.jupyter-2023.3.100-universal/out/extension.node.js:7:18779)
2023-05-06 13:42:13.327 [info] ExtensionService#_doActivateExtension vscode.references-view, startup: false, activationEvent: 'onCommand:references-view.findReferences'
2023-05-06 13:44:53.594 [info] ExtensionService#_doActivateExtension vscode.configuration-editing, startup: false, activationEvent: 'onLanguage:jsonc'
2023-05-06 13:44:53.595 [info] ExtensionService#_doActivateExtension vscode.json-language-features, startup: false, activationEvent: 'onLanguage:jsonc'
2023-05-06 13:44:53.595 [info] ExtensionService#_doActivateExtension vscode.typescript-language-features, startup: false, activationEvent: 'onLanguage:jsonc'
2023-05-06 13:45:24.526 [info] Extension host terminating: received terminate message from renderer
2023-05-06 13:45:24.544 [info] Extension host with pid 164415 exiting with code 0
