VSCodium (1.77.3, undefined, desktop)
Jupyter Extension Version: 2023.3.100.
Python Extension Version: 2023.6.1.
Workspace folder /home/alexandre/Programming
info 13:08:06.185: LSP Notebooks experiment is enabled
warn 13:08:06.311: Failed to get activated env vars with python /bin/python in 50ms
info 13:08:06.336: Process Execution: > /bin/python -c "import site;print("USER_BASE_VALUE");print(site.USER_BASE);print("USER_BASE_VALUE");"
> /bin/python -c "import site;print("USER_BASE_VALUE");print(site.USER_BASE);print("USER_BASE_VALUE");"
info 13:08:06.353: Process Execution: > /bin/python -m pip list
> /bin/python -m pip list
info 13:08:06.390: Process Execution: > /bin/python -c "import pip;print('6af208d0-cb9c-427f-b937-ff563e17efdf')"
> /bin/python -c "import pip;print('6af208d0-cb9c-427f-b937-ff563e17efdf')"
error 13:08:06.409: interpreterPackages getPackageInformation, Class name = Kd, completed in 148ms, has a falsy return value, Arg 1: {"interpreter":{"id":"/bin/python","sysPrefix":"/usr","displayPath":{"$mid":1,"fsPath":"/bin/python","path":"/bin/python","scheme":"file"},"envName":"","uri":{"$mid":1,"fsPath":"/bin/python","external":"file:///bin/python","path":"/bin/python","scheme":"file"},"displayName":"","envType":"Unknown","version":{"major":3,"minor":11,"patch":3,"raw":"3.11.3 (main, Apr  5 2023, 15:52:25) [GCC 12.2.1 20230201]"}}} [su [Error]: Module 'pip' not installed.
	at au.execModule (/home/alexandre/.vscode-oss/extensions/ms-toolsai.jupyter-2023.3.100-universal/out/extension.node.js:7:27390)
	at process.processTicksAndRejections (node:internal/process/task_queues:96:5)
	at async Kd.getPackageInformation (/home/alexandre/.vscode-oss/extensions/ms-toolsai.jupyter-2023.3.100-universal/out/extension.node.js:7:18779)] {
  category: 'notinstalled',
  moduleName: 'pip'
}
info 13:26:31.291: Shutting down notebooks for 90b83c44-9604-41e0-8b6c-e8bc36444b32
info 13:26:31.291: Disposing HostJupyterExecution 0c8400fb-153e-4468-bed2-f3bd3d22548d
info 13:26:31.291: Disposing HostJupyterExecution 0c8400fb-153e-4468-bed2-f3bd3d22548d
